{"/Users/erinshi/Desktop/NewCharlaBots/newCharlaBots/static/js/chat.js": {"path":"/Users/erinshi/Desktop/NewCharlaBots/newCharlaBots/static/js/chat.js","statementMap":{"0":{"start":{"line":1,"column":16},"end":{"line":1,"column":25}},"1":{"start":{"line":2,"column":16},"end":{"line":2,"column":20}},"2":{"start":{"line":5,"column":14},"end":{"line":5,"column":16}},"3":{"start":{"line":6,"column":4},"end":{"line":11,"column":5}},"4":{"start":{"line":6,"column":17},"end":{"line":6,"column":18}},"5":{"start":{"line":7,"column":8},"end":{"line":7,"column":37}},"6":{"start":{"line":8,"column":8},"end":{"line":10,"column":9}},"7":{"start":{"line":9,"column":12},"end":{"line":9,"column":39}},"8":{"start":{"line":12,"column":4},"end":{"line":12,"column":15}},"9":{"start":{"line":20,"column":4},"end":{"line":20,"column":22}},"10":{"start":{"line":21,"column":4},"end":{"line":21,"column":33}},"11":{"start":{"line":22,"column":17},"end":{"line":22,"column":19}},"12":{"start":{"line":23,"column":22},"end":{"line":23,"column":24}},"13":{"start":{"line":25,"column":4},"end":{"line":83,"column":5}},"14":{"start":{"line":25,"column":17},"end":{"line":25,"column":18}},"15":{"start":{"line":26,"column":19},"end":{"line":26,"column":27}},"16":{"start":{"line":28,"column":22},"end":{"line":28,"column":24}},"17":{"start":{"line":29,"column":30},"end":{"line":29,"column":35}},"18":{"start":{"line":30,"column":30},"end":{"line":30,"column":35}},"19":{"start":{"line":32,"column":8},"end":{"line":51,"column":9}},"20":{"start":{"line":32,"column":21},"end":{"line":32,"column":22}},"21":{"start":{"line":33,"column":12},"end":{"line":45,"column":13}},"22":{"start":{"line":34,"column":16},"end":{"line":34,"column":20}},"23":{"start":{"line":35,"column":16},"end":{"line":38,"column":17}},"24":{"start":{"line":36,"column":20},"end":{"line":36,"column":38}},"25":{"start":{"line":37,"column":20},"end":{"line":37,"column":24}},"26":{"start":{"line":39,"column":16},"end":{"line":44,"column":17}},"27":{"start":{"line":40,"column":20},"end":{"line":40,"column":43}},"28":{"start":{"line":42,"column":21},"end":{"line":44,"column":17}},"29":{"start":{"line":43,"column":20},"end":{"line":43,"column":43}},"30":{"start":{"line":47,"column":12},"end":{"line":50,"column":13}},"31":{"start":{"line":48,"column":16},"end":{"line":48,"column":41}},"32":{"start":{"line":49,"column":16},"end":{"line":49,"column":22}},"33":{"start":{"line":52,"column":8},"end":{"line":78,"column":9}},"34":{"start":{"line":54,"column":12},"end":{"line":57,"column":13}},"35":{"start":{"line":55,"column":16},"end":{"line":55,"column":56}},"36":{"start":{"line":56,"column":16},"end":{"line":56,"column":20}},"37":{"start":{"line":58,"column":12},"end":{"line":58,"column":37}},"38":{"start":{"line":60,"column":12},"end":{"line":60,"column":40}},"39":{"start":{"line":62,"column":13},"end":{"line":78,"column":9}},"40":{"start":{"line":63,"column":12},"end":{"line":63,"column":52}},"41":{"start":{"line":64,"column":12},"end":{"line":64,"column":16}},"42":{"start":{"line":65,"column":12},"end":{"line":73,"column":13}},"43":{"start":{"line":66,"column":16},"end":{"line":66,"column":57}},"44":{"start":{"line":67,"column":16},"end":{"line":67,"column":20}},"45":{"start":{"line":68,"column":16},"end":{"line":72,"column":17}},"46":{"start":{"line":69,"column":20},"end":{"line":69,"column":44}},"47":{"start":{"line":70,"column":20},"end":{"line":70,"column":45}},"48":{"start":{"line":71,"column":20},"end":{"line":71,"column":26}},"49":{"start":{"line":74,"column":12},"end":{"line":74,"column":29}},"50":{"start":{"line":77,"column":12},"end":{"line":77,"column":38}},"51":{"start":{"line":79,"column":8},"end":{"line":82,"column":9}},"52":{"start":{"line":80,"column":12},"end":{"line":80,"column":37}},"53":{"start":{"line":81,"column":12},"end":{"line":81,"column":29}},"54":{"start":{"line":85,"column":4},"end":{"line":85,"column":32}},"55":{"start":{"line":89,"column":4},"end":{"line":93,"column":84}},"56":{"start":{"line":90,"column":8},"end":{"line":90,"column":31}},"57":{"start":{"line":93,"column":9},"end":{"line":93,"column":84}},"58":{"start":{"line":93,"column":61},"end":{"line":93,"column":84}},"59":{"start":{"line":94,"column":4},"end":{"line":94,"column":17}},"60":{"start":{"line":99,"column":4},"end":{"line":101,"column":5}},"61":{"start":{"line":100,"column":8},"end":{"line":100,"column":32}},"62":{"start":{"line":102,"column":4},"end":{"line":102,"column":30}},"63":{"start":{"line":107,"column":20},"end":{"line":113,"column":5}},"64":{"start":{"line":114,"column":4},"end":{"line":114,"column":39}},"65":{"start":{"line":116,"column":4},"end":{"line":116,"column":45}},"66":{"start":{"line":118,"column":4},"end":{"line":121,"column":5}},"67":{"start":{"line":120,"column":8},"end":{"line":120,"column":26}},"68":{"start":{"line":122,"column":4},"end":{"line":122,"column":24}},"69":{"start":{"line":123,"column":4},"end":{"line":123,"column":40}},"70":{"start":{"line":124,"column":4},"end":{"line":124,"column":21}},"71":{"start":{"line":128,"column":20},"end":{"line":134,"column":5}},"72":{"start":{"line":135,"column":4},"end":{"line":135,"column":39}},"73":{"start":{"line":141,"column":26},"end":{"line":141,"column":28}},"74":{"start":{"line":142,"column":4},"end":{"line":208,"column":5}},"75":{"start":{"line":142,"column":17},"end":{"line":142,"column":18}},"76":{"start":{"line":143,"column":24},"end":{"line":149,"column":9}},"77":{"start":{"line":150,"column":20},"end":{"line":150,"column":40}},"78":{"start":{"line":152,"column":8},"end":{"line":155,"column":9}},"79":{"start":{"line":152,"column":20},"end":{"line":152,"column":21}},"80":{"start":{"line":154,"column":12},"end":{"line":154,"column":69}},"81":{"start":{"line":157,"column":22},"end":{"line":157,"column":47}},"82":{"start":{"line":159,"column":8},"end":{"line":169,"column":9}},"83":{"start":{"line":160,"column":12},"end":{"line":160,"column":74}},"84":{"start":{"line":161,"column":12},"end":{"line":161,"column":19}},"85":{"start":{"line":163,"column":13},"end":{"line":169,"column":9}},"86":{"start":{"line":164,"column":12},"end":{"line":164,"column":69}},"87":{"start":{"line":165,"column":12},"end":{"line":165,"column":21}},"88":{"start":{"line":168,"column":12},"end":{"line":168,"column":43}},"89":{"start":{"line":171,"column":22},"end":{"line":171,"column":27}},"90":{"start":{"line":172,"column":16},"end":{"line":172,"column":17}},"91":{"start":{"line":173,"column":8},"end":{"line":196,"column":9}},"92":{"start":{"line":174,"column":12},"end":{"line":174,"column":42}},"93":{"start":{"line":174,"column":34},"end":{"line":174,"column":40}},"94":{"start":{"line":176,"column":31},"end":{"line":176,"column":56}},"95":{"start":{"line":177,"column":12},"end":{"line":195,"column":26}},"96":{"start":{"line":178,"column":16},"end":{"line":178,"column":77}},"97":{"start":{"line":181,"column":17},"end":{"line":195,"column":26}},"98":{"start":{"line":182,"column":16},"end":{"line":182,"column":68}},"99":{"start":{"line":184,"column":16},"end":{"line":193,"column":17}},"100":{"start":{"line":186,"column":20},"end":{"line":192,"column":21}},"101":{"start":{"line":187,"column":24},"end":{"line":187,"column":88}},"102":{"start":{"line":190,"column":24},"end":{"line":190,"column":39}},"103":{"start":{"line":191,"column":24},"end":{"line":191,"column":30}},"104":{"start":{"line":195,"column":18},"end":{"line":195,"column":24}},"105":{"start":{"line":198,"column":26},"end":{"line":198,"column":28}},"106":{"start":{"line":201,"column":8},"end":{"line":205,"column":9}},"107":{"start":{"line":202,"column":12},"end":{"line":202,"column":51}},"108":{"start":{"line":202,"column":42},"end":{"line":202,"column":51}},"109":{"start":{"line":204,"column":12},"end":{"line":204,"column":42}},"110":{"start":{"line":206,"column":8},"end":{"line":206,"column":48}},"111":{"start":{"line":207,"column":8},"end":{"line":207,"column":40}},"112":{"start":{"line":210,"column":4},"end":{"line":210,"column":27}},"113":{"start":{"line":219,"column":4},"end":{"line":221,"column":5}},"114":{"start":{"line":219,"column":17},"end":{"line":219,"column":18}},"115":{"start":{"line":220,"column":8},"end":{"line":220,"column":61}},"116":{"start":{"line":220,"column":48},"end":{"line":220,"column":61}},"117":{"start":{"line":222,"column":4},"end":{"line":222,"column":16}},"118":{"start":{"line":228,"column":4},"end":{"line":230,"column":5}},"119":{"start":{"line":228,"column":17},"end":{"line":228,"column":18}},"120":{"start":{"line":229,"column":8},"end":{"line":229,"column":72}},"121":{"start":{"line":229,"column":60},"end":{"line":229,"column":72}},"122":{"start":{"line":231,"column":4},"end":{"line":231,"column":17}},"123":{"start":{"line":237,"column":4},"end":{"line":237,"column":60}},"124":{"start":{"line":242,"column":4},"end":{"line":250,"column":5}},"125":{"start":{"line":242,"column":17},"end":{"line":242,"column":18}},"126":{"start":{"line":243,"column":8},"end":{"line":249,"column":9}},"127":{"start":{"line":244,"column":12},"end":{"line":248,"column":51}},"128":{"start":{"line":246,"column":16},"end":{"line":246,"column":26}},"129":{"start":{"line":248,"column":18},"end":{"line":248,"column":50}},"130":{"start":{"line":251,"column":4},"end":{"line":251,"column":14}},"131":{"start":{"line":255,"column":4},"end":{"line":264,"column":5}},"132":{"start":{"line":257,"column":8},"end":{"line":263,"column":9}},"133":{"start":{"line":259,"column":12},"end":{"line":259,"column":22}},"134":{"start":{"line":262,"column":12},"end":{"line":262,"column":44}},"135":{"start":{"line":265,"column":4},"end":{"line":265,"column":14}},"136":{"start":{"line":270,"column":4},"end":{"line":270,"column":33}},"137":{"start":{"line":271,"column":14},"end":{"line":271,"column":73}},"138":{"start":{"line":272,"column":4},"end":{"line":272,"column":41}},"139":{"start":{"line":278,"column":4},"end":{"line":278,"column":32}},"140":{"start":{"line":279,"column":4},"end":{"line":279,"column":29}},"141":{"start":{"line":280,"column":4},"end":{"line":289,"column":5}},"142":{"start":{"line":282,"column":12},"end":{"line":282,"column":54}},"143":{"start":{"line":284,"column":12},"end":{"line":284,"column":54}},"144":{"start":{"line":286,"column":12},"end":{"line":286,"column":52}},"145":{"start":{"line":288,"column":12},"end":{"line":288,"column":22}},"146":{"start":{"line":295,"column":22},"end":{"line":295,"column":56}},"147":{"start":{"line":296,"column":17},"end":{"line":296,"column":19}},"148":{"start":{"line":297,"column":4},"end":{"line":299,"column":5}},"149":{"start":{"line":297,"column":17},"end":{"line":297,"column":18}},"150":{"start":{"line":298,"column":8},"end":{"line":298,"column":40}},"151":{"start":{"line":300,"column":4},"end":{"line":300,"column":50}},"152":{"start":{"line":301,"column":4},"end":{"line":301,"column":18}},"153":{"start":{"line":305,"column":4},"end":{"line":305,"column":48}},"154":{"start":{"line":306,"column":4},"end":{"line":306,"column":52}},"155":{"start":{"line":310,"column":17},"end":{"line":310,"column":41}},"156":{"start":{"line":311,"column":25},"end":{"line":311,"column":53}},"157":{"start":{"line":313,"column":19},"end":{"line":313,"column":21}},"158":{"start":{"line":314,"column":4},"end":{"line":323,"column":5}},"159":{"start":{"line":314,"column":17},"end":{"line":314,"column":18}},"160":{"start":{"line":315,"column":8},"end":{"line":315,"column":22}},"161":{"start":{"line":316,"column":20},"end":{"line":316,"column":58}},"162":{"start":{"line":317,"column":8},"end":{"line":317,"column":66}},"163":{"start":{"line":318,"column":8},"end":{"line":322,"column":9}},"164":{"start":{"line":319,"column":12},"end":{"line":319,"column":35}},"165":{"start":{"line":321,"column":12},"end":{"line":321,"column":28}},"166":{"start":{"line":326,"column":0},"end":{"line":332,"column":1}}},"fnMap":{"0":{"name":"blocksHelper","decl":{"start":{"line":4,"column":9},"end":{"line":4,"column":21}},"loc":{"start":{"line":4,"column":29},"end":{"line":13,"column":1}},"line":4},"1":{"name":"getBlocks","decl":{"start":{"line":19,"column":9},"end":{"line":19,"column":18}},"loc":{"start":{"line":19,"column":25},"end":{"line":86,"column":1}},"line":19},"2":{"name":"checkForKeyword","decl":{"start":{"line":88,"column":9},"end":{"line":88,"column":24}},"loc":{"start":{"line":88,"column":30},"end":{"line":95,"column":1}},"line":88},"3":{"name":"removeComma","decl":{"start":{"line":98,"column":9},"end":{"line":98,"column":20}},"loc":{"start":{"line":98,"column":26},"end":{"line":103,"column":1}},"line":98},"4":{"name":"createDictForPickRandom","decl":{"start":{"line":106,"column":9},"end":{"line":106,"column":32}},"loc":{"start":{"line":106,"column":39},"end":{"line":125,"column":1}},"line":106},"5":{"name":"createDictForLongResponse","decl":{"start":{"line":127,"column":9},"end":{"line":127,"column":34}},"loc":{"start":{"line":127,"column":42},"end":{"line":136,"column":1}},"line":127},"6":{"name":"createCanonicalArray","decl":{"start":{"line":140,"column":9},"end":{"line":140,"column":29}},"loc":{"start":{"line":140,"column":37},"end":{"line":212,"column":1}},"line":140},"7":{"name":"contains_all","decl":{"start":{"line":218,"column":9},"end":{"line":218,"column":21}},"loc":{"start":{"line":218,"column":45},"end":{"line":223,"column":1}},"line":218},"8":{"name":"chat_notAny","decl":{"start":{"line":227,"column":9},"end":{"line":227,"column":20}},"loc":{"start":{"line":227,"column":47},"end":{"line":232,"column":1}},"line":227},"9":{"name":"chat_notAll","decl":{"start":{"line":236,"column":9},"end":{"line":236,"column":20}},"loc":{"start":{"line":236,"column":47},"end":{"line":238,"column":1}},"line":236},"10":{"name":"chat_ifAny","decl":{"start":{"line":241,"column":9},"end":{"line":241,"column":19}},"loc":{"start":{"line":241,"column":43},"end":{"line":252,"column":1}},"line":241},"11":{"name":"chat_ifAll","decl":{"start":{"line":254,"column":9},"end":{"line":254,"column":19}},"loc":{"start":{"line":254,"column":43},"end":{"line":266,"column":1}},"line":254},"12":{"name":"chat_pickRandom","decl":{"start":{"line":268,"column":9},"end":{"line":268,"column":24}},"loc":{"start":{"line":268,"column":41},"end":{"line":273,"column":1}},"line":268},"13":{"name":"chat","decl":{"start":{"line":276,"column":9},"end":{"line":276,"column":13}},"loc":{"start":{"line":276,"column":37},"end":{"line":291,"column":1}},"line":276},"14":{"name":"splitOnNewline","decl":{"start":{"line":294,"column":9},"end":{"line":294,"column":23}},"loc":{"start":{"line":294,"column":30},"end":{"line":302,"column":1}},"line":294},"15":{"name":"eraseTextInput","decl":{"start":{"line":304,"column":9},"end":{"line":304,"column":23}},"loc":{"start":{"line":304,"column":25},"end":{"line":307,"column":1}},"line":304},"16":{"name":"sendMessageHelper","decl":{"start":{"line":309,"column":9},"end":{"line":309,"column":26}},"loc":{"start":{"line":309,"column":41},"end":{"line":324,"column":1}},"line":309}},"branchMap":{"0":{"loc":{"start":{"line":8,"column":8},"end":{"line":10,"column":9}},"type":"if","locations":[{"start":{"line":8,"column":8},"end":{"line":10,"column":9}},{"start":{},"end":{}}],"line":8},"1":{"loc":{"start":{"line":33,"column":12},"end":{"line":45,"column":13}},"type":"if","locations":[{"start":{"line":33,"column":12},"end":{"line":45,"column":13}},{"start":{},"end":{}}],"line":33},"2":{"loc":{"start":{"line":35,"column":23},"end":{"line":35,"column":56}},"type":"binary-expr","locations":[{"start":{"line":35,"column":23},"end":{"line":35,"column":37}},{"start":{"line":35,"column":41},"end":{"line":35,"column":56}}],"line":35},"3":{"loc":{"start":{"line":39,"column":16},"end":{"line":44,"column":17}},"type":"if","locations":[{"start":{"line":39,"column":16},"end":{"line":44,"column":17}},{"start":{"line":42,"column":21},"end":{"line":44,"column":17}}],"line":39},"4":{"loc":{"start":{"line":42,"column":21},"end":{"line":44,"column":17}},"type":"if","locations":[{"start":{"line":42,"column":21},"end":{"line":44,"column":17}},{"start":{},"end":{}}],"line":42},"5":{"loc":{"start":{"line":47,"column":12},"end":{"line":50,"column":13}},"type":"if","locations":[{"start":{"line":47,"column":12},"end":{"line":50,"column":13}},{"start":{},"end":{}}],"line":47},"6":{"loc":{"start":{"line":47,"column":16},"end":{"line":47,"column":71}},"type":"binary-expr","locations":[{"start":{"line":47,"column":16},"end":{"line":47,"column":33}},{"start":{"line":47,"column":37},"end":{"line":47,"column":51}},{"start":{"line":47,"column":55},"end":{"line":47,"column":71}}],"line":47},"7":{"loc":{"start":{"line":52,"column":8},"end":{"line":78,"column":9}},"type":"if","locations":[{"start":{"line":52,"column":8},"end":{"line":78,"column":9}},{"start":{"line":62,"column":13},"end":{"line":78,"column":9}}],"line":52},"8":{"loc":{"start":{"line":62,"column":13},"end":{"line":78,"column":9}},"type":"if","locations":[{"start":{"line":62,"column":13},"end":{"line":78,"column":9}},{"start":{"line":76,"column":12},"end":{"line":78,"column":9}}],"line":62},"9":{"loc":{"start":{"line":68,"column":16},"end":{"line":72,"column":17}},"type":"if","locations":[{"start":{"line":68,"column":16},"end":{"line":72,"column":17}},{"start":{},"end":{}}],"line":68},"10":{"loc":{"start":{"line":79,"column":8},"end":{"line":82,"column":9}},"type":"if","locations":[{"start":{"line":79,"column":8},"end":{"line":82,"column":9}},{"start":{},"end":{}}],"line":79},"11":{"loc":{"start":{"line":89,"column":4},"end":{"line":93,"column":84}},"type":"if","locations":[{"start":{"line":89,"column":4},"end":{"line":93,"column":84}},{"start":{"line":93,"column":9},"end":{"line":93,"column":84}}],"line":89},"12":{"loc":{"start":{"line":89,"column":8},"end":{"line":89,"column":54}},"type":"binary-expr","locations":[{"start":{"line":89,"column":8},"end":{"line":89,"column":22}},{"start":{"line":89,"column":26},"end":{"line":89,"column":54}}],"line":89},"13":{"loc":{"start":{"line":93,"column":9},"end":{"line":93,"column":84}},"type":"if","locations":[{"start":{"line":93,"column":9},"end":{"line":93,"column":84}},{"start":{},"end":{}}],"line":93},"14":{"loc":{"start":{"line":93,"column":13},"end":{"line":93,"column":59}},"type":"binary-expr","locations":[{"start":{"line":93,"column":13},"end":{"line":93,"column":27}},{"start":{"line":93,"column":31},"end":{"line":93,"column":59}}],"line":93},"15":{"loc":{"start":{"line":99,"column":4},"end":{"line":101,"column":5}},"type":"if","locations":[{"start":{"line":99,"column":4},"end":{"line":101,"column":5}},{"start":{},"end":{}}],"line":99},"16":{"loc":{"start":{"line":118,"column":11},"end":{"line":119,"column":61}},"type":"binary-expr","locations":[{"start":{"line":118,"column":11},"end":{"line":118,"column":52}},{"start":{"line":119,"column":11},"end":{"line":119,"column":61}}],"line":118},"17":{"loc":{"start":{"line":159,"column":8},"end":{"line":169,"column":9}},"type":"if","locations":[{"start":{"line":159,"column":8},"end":{"line":169,"column":9}},{"start":{"line":163,"column":13},"end":{"line":169,"column":9}}],"line":159},"18":{"loc":{"start":{"line":163,"column":13},"end":{"line":169,"column":9}},"type":"if","locations":[{"start":{"line":163,"column":13},"end":{"line":169,"column":9}},{"start":{"line":167,"column":12},"end":{"line":169,"column":9}}],"line":163},"19":{"loc":{"start":{"line":174,"column":12},"end":{"line":174,"column":42}},"type":"if","locations":[{"start":{"line":174,"column":12},"end":{"line":174,"column":42}},{"start":{},"end":{}}],"line":174},"20":{"loc":{"start":{"line":177,"column":12},"end":{"line":195,"column":26}},"type":"if","locations":[{"start":{"line":177,"column":12},"end":{"line":195,"column":26}},{"start":{"line":181,"column":17},"end":{"line":195,"column":26}}],"line":177},"21":{"loc":{"start":{"line":181,"column":17},"end":{"line":195,"column":26}},"type":"if","locations":[{"start":{"line":181,"column":17},"end":{"line":195,"column":26}},{"start":{"line":195,"column":16},"end":{"line":195,"column":26}}],"line":181},"22":{"loc":{"start":{"line":186,"column":20},"end":{"line":192,"column":21}},"type":"if","locations":[{"start":{"line":186,"column":20},"end":{"line":192,"column":21}},{"start":{"line":189,"column":24},"end":{"line":192,"column":21}}],"line":186},"23":{"loc":{"start":{"line":202,"column":12},"end":{"line":202,"column":51}},"type":"if","locations":[{"start":{"line":202,"column":12},"end":{"line":202,"column":51}},{"start":{},"end":{}}],"line":202},"24":{"loc":{"start":{"line":220,"column":8},"end":{"line":220,"column":61}},"type":"if","locations":[{"start":{"line":220,"column":8},"end":{"line":220,"column":61}},{"start":{},"end":{}}],"line":220},"25":{"loc":{"start":{"line":229,"column":8},"end":{"line":229,"column":72}},"type":"if","locations":[{"start":{"line":229,"column":8},"end":{"line":229,"column":72}},{"start":{},"end":{}}],"line":229},"26":{"loc":{"start":{"line":243,"column":8},"end":{"line":249,"column":9}},"type":"if","locations":[{"start":{"line":243,"column":8},"end":{"line":249,"column":9}},{"start":{},"end":{}}],"line":243},"27":{"loc":{"start":{"line":244,"column":12},"end":{"line":248,"column":51}},"type":"if","locations":[{"start":{"line":244,"column":12},"end":{"line":248,"column":51}},{"start":{"line":248,"column":17},"end":{"line":248,"column":51}}],"line":244},"28":{"loc":{"start":{"line":244,"column":16},"end":{"line":245,"column":98}},"type":"binary-expr","locations":[{"start":{"line":244,"column":17},"end":{"line":244,"column":58}},{"start":{"line":244,"column":63},"end":{"line":244,"column":98}},{"start":{"line":245,"column":17},"end":{"line":245,"column":58}},{"start":{"line":245,"column":62},"end":{"line":245,"column":97}}],"line":244},"29":{"loc":{"start":{"line":255,"column":4},"end":{"line":264,"column":5}},"type":"if","locations":[{"start":{"line":255,"column":4},"end":{"line":264,"column":5}},{"start":{},"end":{}}],"line":255},"30":{"loc":{"start":{"line":257,"column":8},"end":{"line":263,"column":9}},"type":"if","locations":[{"start":{"line":257,"column":8},"end":{"line":263,"column":9}},{"start":{"line":261,"column":12},"end":{"line":263,"column":9}}],"line":257},"31":{"loc":{"start":{"line":257,"column":12},"end":{"line":258,"column":94}},"type":"binary-expr","locations":[{"start":{"line":257,"column":13},"end":{"line":257,"column":54}},{"start":{"line":257,"column":58},"end":{"line":257,"column":93}},{"start":{"line":258,"column":13},"end":{"line":258,"column":54}},{"start":{"line":258,"column":58},"end":{"line":258,"column":93}}],"line":257},"32":{"loc":{"start":{"line":280,"column":4},"end":{"line":289,"column":5}},"type":"switch","locations":[{"start":{"line":281,"column":8},"end":{"line":282,"column":54}},{"start":{"line":283,"column":8},"end":{"line":284,"column":54}},{"start":{"line":285,"column":8},"end":{"line":286,"column":52}},{"start":{"line":287,"column":8},"end":{"line":288,"column":22}}],"line":280},"33":{"loc":{"start":{"line":318,"column":8},"end":{"line":322,"column":9}},"type":"if","locations":[{"start":{"line":318,"column":8},"end":{"line":322,"column":9}},{"start":{},"end":{}}],"line":318}},"s":{"0":1,"1":1,"2":1,"3":1,"4":1,"5":4,"6":4,"7":2,"8":1,"9":0,"10":0,"11":0,"12":0,"13":0,"14":0,"15":0,"16":0,"17":0,"18":0,"19":0,"20":0,"21":0,"22":0,"23":0,"24":0,"25":0,"26":0,"27":0,"28":0,"29":0,"30":0,"31":0,"32":0,"33":0,"34":0,"35":0,"36":0,"37":0,"38":0,"39":0,"40":0,"41":0,"42":0,"43":0,"44":0,"45":0,"46":0,"47":0,"48":0,"49":0,"50":0,"51":0,"52":0,"53":0,"54":0,"55":3,"56":1,"57":2,"58":1,"59":1,"60":1,"61":1,"62":1,"63":1,"64":1,"65":1,"66":0,"67":0,"68":0,"69":0,"70":0,"71":0,"72":0,"73":0,"74":0,"75":0,"76":0,"77":0,"78":0,"79":0,"80":0,"81":0,"82":0,"83":0,"84":0,"85":0,"86":0,"87":0,"88":0,"89":0,"90":0,"91":0,"92":0,"93":0,"94":0,"95":0,"96":0,"97":0,"98":0,"99":0,"100":0,"101":0,"102":0,"103":0,"104":0,"105":0,"106":0,"107":0,"108":0,"109":0,"110":0,"111":0,"112":0,"113":2,"114":2,"115":5,"116":1,"117":1,"118":0,"119":0,"120":0,"121":0,"122":0,"123":0,"124":0,"125":0,"126":0,"127":0,"128":0,"129":0,"130":0,"131":0,"132":0,"133":0,"134":0,"135":0,"136":0,"137":0,"138":0,"139":0,"140":0,"141":0,"142":0,"143":0,"144":0,"145":0,"146":0,"147":0,"148":0,"149":0,"150":0,"151":0,"152":0,"153":0,"154":0,"155":0,"156":0,"157":0,"158":0,"159":0,"160":0,"161":0,"162":0,"163":0,"164":0,"165":0,"166":1},"f":{"0":1,"1":0,"2":3,"3":1,"4":1,"5":0,"6":0,"7":2,"8":0,"9":0,"10":0,"11":0,"12":0,"13":0,"14":0,"15":0,"16":0},"b":{"0":[2,2],"1":[0,0],"2":[0,0],"3":[0,0],"4":[0,0],"5":[0,0],"6":[0,0,0],"7":[0,0],"8":[0,0],"9":[0,0],"10":[0,0],"11":[1,2],"12":[3,2],"13":[1,1],"14":[2,1],"15":[1,0],"16":[0,0],"17":[0,0],"18":[0,0],"19":[0,0],"20":[0,0],"21":[0,0],"22":[0,0],"23":[0,0],"24":[1,4],"25":[0,0],"26":[0,0],"27":[0,0],"28":[0,0,0,0],"29":[0,0],"30":[0,0],"31":[0,0,0,0],"32":[0,0,0,0],"33":[0,0]},"_coverageSchema":"1a1c01bbd47fc00a2c39e90264f33305004495a9","hash":"1ce9b46f4657fed9ea19324acd6c894aaaf965bc"}
}
