TN:
SF:newCharlaBots/static/js/chat.js
FN:4,blocksHelper
FN:19,getBlocks
FN:88,checkForKeyword
FN:98,removeComma
FN:106,createDictForPickRandom
FN:127,createDictForLongResponse
FN:142,createCanonicalArray
FN:220,contains_all
FN:229,chat_notAny
FN:238,chat_notAll
FN:243,chat_ifAny
FN:256,chat_ifAll
FN:270,chat_pickRandom
FN:278,chat
FN:296,splitOnNewline
FN:306,eraseTextInput
FN:311,sendMessageHelper
FNF:17
FNH:0
FNDA:0,blocksHelper
FNDA:0,getBlocks
FNDA:0,checkForKeyword
FNDA:0,removeComma
FNDA:0,createDictForPickRandom
FNDA:0,createDictForLongResponse
FNDA:0,createCanonicalArray
FNDA:0,contains_all
FNDA:0,chat_notAny
FNDA:0,chat_notAll
FNDA:0,chat_ifAny
FNDA:0,chat_ifAll
FNDA:0,chat_pickRandom
FNDA:0,chat
FNDA:0,splitOnNewline
FNDA:0,eraseTextInput
FNDA:0,sendMessageHelper
DA:1,1
DA:2,1
DA:5,0
DA:6,0
DA:7,0
DA:8,0
DA:9,0
DA:12,0
DA:20,0
DA:21,0
DA:22,0
DA:23,0
DA:25,0
DA:26,0
DA:28,0
DA:29,0
DA:30,0
DA:32,0
DA:33,0
DA:34,0
DA:35,0
DA:36,0
DA:37,0
DA:39,0
DA:40,0
DA:42,0
DA:43,0
DA:47,0
DA:48,0
DA:49,0
DA:52,0
DA:54,0
DA:55,0
DA:56,0
DA:58,0
DA:60,0
DA:62,0
DA:63,0
DA:64,0
DA:65,0
DA:66,0
DA:67,0
DA:68,0
DA:69,0
DA:70,0
DA:71,0
DA:74,0
DA:77,0
DA:79,0
DA:80,0
DA:81,0
DA:85,0
DA:89,0
DA:90,0
DA:93,0
DA:94,0
DA:99,0
DA:100,0
DA:102,0
DA:107,0
DA:114,0
DA:116,0
DA:118,0
DA:120,0
DA:122,0
DA:123,0
DA:124,0
DA:128,0
DA:135,0
DA:143,0
DA:144,0
DA:145,0
DA:152,0
DA:154,0
DA:156,0
DA:159,0
DA:161,0
DA:162,0
DA:163,0
DA:165,0
DA:166,0
DA:167,0
DA:170,0
DA:173,0
DA:174,0
DA:175,0
DA:176,0
DA:178,0
DA:179,0
DA:180,0
DA:183,0
DA:184,0
DA:186,0
DA:188,0
DA:189,0
DA:192,0
DA:193,0
DA:197,0
DA:200,0
DA:203,0
DA:204,0
DA:206,0
DA:208,0
DA:209,0
DA:212,0
DA:221,0
DA:222,0
DA:224,0
DA:230,0
DA:231,0
DA:233,0
DA:239,0
DA:244,0
DA:245,0
DA:246,0
DA:248,0
DA:250,0
DA:253,0
DA:257,0
DA:259,0
DA:261,0
DA:264,0
DA:267,0
DA:272,0
DA:273,0
DA:274,0
DA:280,0
DA:281,0
DA:282,0
DA:284,0
DA:286,0
DA:288,0
DA:290,0
DA:297,0
DA:298,0
DA:299,0
DA:300,0
DA:302,0
DA:303,0
DA:307,0
DA:308,0
DA:312,0
DA:313,0
DA:316,0
DA:317,0
DA:318,0
DA:319,0
DA:321,0
DA:322,0
DA:323,0
DA:325,0
DA:330,1
LF:152
LH:3
BRDA:8,0,0,0
BRDA:8,0,1,0
BRDA:33,1,0,0
BRDA:33,1,1,0
BRDA:35,2,0,0
BRDA:35,2,1,0
BRDA:39,3,0,0
BRDA:39,3,1,0
BRDA:42,4,0,0
BRDA:42,4,1,0
BRDA:47,5,0,0
BRDA:47,5,1,0
BRDA:47,6,0,0
BRDA:47,6,1,0
BRDA:47,6,2,0
BRDA:52,7,0,0
BRDA:52,7,1,0
BRDA:62,8,0,0
BRDA:62,8,1,0
BRDA:68,9,0,0
BRDA:68,9,1,0
BRDA:79,10,0,0
BRDA:79,10,1,0
BRDA:89,11,0,0
BRDA:89,11,1,0
BRDA:89,12,0,0
BRDA:89,12,1,0
BRDA:93,13,0,0
BRDA:93,13,1,0
BRDA:93,14,0,0
BRDA:93,14,1,0
BRDA:99,15,0,0
BRDA:99,15,1,0
BRDA:118,16,0,0
BRDA:118,16,1,0
BRDA:161,17,0,0
BRDA:161,17,1,0
BRDA:165,18,0,0
BRDA:165,18,1,0
BRDA:176,19,0,0
BRDA:176,19,1,0
BRDA:179,20,0,0
BRDA:179,20,1,0
BRDA:183,21,0,0
BRDA:183,21,1,0
BRDA:188,22,0,0
BRDA:188,22,1,0
BRDA:204,23,0,0
BRDA:204,23,1,0
BRDA:222,24,0,0
BRDA:222,24,1,0
BRDA:231,25,0,0
BRDA:231,25,1,0
BRDA:245,26,0,0
BRDA:245,26,1,0
BRDA:246,27,0,0
BRDA:246,27,1,0
BRDA:246,28,0,0
BRDA:246,28,1,0
BRDA:246,28,2,0
BRDA:246,28,3,0
BRDA:257,29,0,0
BRDA:257,29,1,0
BRDA:259,30,0,0
BRDA:259,30,1,0
BRDA:259,31,0,0
BRDA:259,31,1,0
BRDA:259,31,2,0
BRDA:259,31,3,0
BRDA:282,32,0,0
BRDA:282,32,1,0
BRDA:282,32,2,0
BRDA:282,32,3,0
BRDA:322,33,0,0
BRDA:322,33,1,0
BRF:75
BRH:0
end_of_record
