TN:
SF:newCharlaBots/static/js/chat.js
FN:4,blocksHelper
FN:19,getBlocks
FN:88,checkForKeyword
FN:98,removeComma
FN:106,createDictForPickRandom
FN:127,createDictForLongResponse
FN:140,createCanonicalArray
FN:218,contains_all
FN:227,chat_notAny
FN:236,chat_notAll
FN:241,chat_ifAny
FN:254,chat_ifAll
FN:268,chat_pickRandom
FN:276,chat
FN:294,splitOnNewline
FN:304,eraseTextInput
FN:309,sendMessageHelper
FNF:17
FNH:5
FNDA:1,blocksHelper
FNDA:0,getBlocks
FNDA:3,checkForKeyword
FNDA:1,removeComma
FNDA:1,createDictForPickRandom
FNDA:0,createDictForLongResponse
FNDA:0,createCanonicalArray
FNDA:2,contains_all
FNDA:0,chat_notAny
FNDA:0,chat_notAll
FNDA:0,chat_ifAny
FNDA:0,chat_ifAll
FNDA:0,chat_pickRandom
FNDA:0,chat
FNDA:0,splitOnNewline
FNDA:0,eraseTextInput
FNDA:0,sendMessageHelper
DA:1,1
DA:2,1
DA:5,1
DA:6,1
DA:7,4
DA:8,4
DA:9,2
DA:12,1
DA:20,0
DA:21,0
DA:22,0
DA:23,0
DA:25,0
DA:26,0
DA:28,0
DA:29,0
DA:30,0
DA:32,0
DA:33,0
DA:34,0
DA:35,0
DA:36,0
DA:37,0
DA:39,0
DA:40,0
DA:42,0
DA:43,0
DA:47,0
DA:48,0
DA:49,0
DA:52,0
DA:54,0
DA:55,0
DA:56,0
DA:58,0
DA:60,0
DA:62,0
DA:63,0
DA:64,0
DA:65,0
DA:66,0
DA:67,0
DA:68,0
DA:69,0
DA:70,0
DA:71,0
DA:74,0
DA:77,0
DA:79,0
DA:80,0
DA:81,0
DA:85,0
DA:89,3
DA:90,1
DA:93,2
DA:94,1
DA:99,1
DA:100,1
DA:102,1
DA:107,1
DA:114,1
DA:116,1
DA:118,0
DA:120,0
DA:122,0
DA:123,0
DA:124,0
DA:128,0
DA:135,0
DA:141,0
DA:142,0
DA:143,0
DA:150,0
DA:152,0
DA:154,0
DA:157,0
DA:159,0
DA:160,0
DA:161,0
DA:163,0
DA:164,0
DA:165,0
DA:168,0
DA:171,0
DA:172,0
DA:173,0
DA:174,0
DA:176,0
DA:177,0
DA:178,0
DA:181,0
DA:182,0
DA:184,0
DA:186,0
DA:187,0
DA:190,0
DA:191,0
DA:195,0
DA:198,0
DA:201,0
DA:202,0
DA:204,0
DA:206,0
DA:207,0
DA:210,0
DA:219,2
DA:220,5
DA:222,1
DA:228,0
DA:229,0
DA:231,0
DA:237,0
DA:242,0
DA:243,0
DA:244,0
DA:246,0
DA:248,0
DA:251,0
DA:255,0
DA:257,0
DA:259,0
DA:262,0
DA:265,0
DA:270,0
DA:271,0
DA:272,0
DA:278,0
DA:279,0
DA:280,0
DA:282,0
DA:284,0
DA:286,0
DA:288,0
DA:295,0
DA:296,0
DA:297,0
DA:298,0
DA:300,0
DA:301,0
DA:305,0
DA:306,0
DA:310,0
DA:311,0
DA:313,0
DA:314,0
DA:315,0
DA:316,0
DA:317,0
DA:318,0
DA:319,0
DA:321,0
DA:326,1
LF:152
LH:22
BRDA:8,0,0,2
BRDA:8,0,1,2
BRDA:33,1,0,0
BRDA:33,1,1,0
BRDA:35,2,0,0
BRDA:35,2,1,0
BRDA:39,3,0,0
BRDA:39,3,1,0
BRDA:42,4,0,0
BRDA:42,4,1,0
BRDA:47,5,0,0
BRDA:47,5,1,0
BRDA:47,6,0,0
BRDA:47,6,1,0
BRDA:47,6,2,0
BRDA:52,7,0,0
BRDA:52,7,1,0
BRDA:62,8,0,0
BRDA:62,8,1,0
BRDA:68,9,0,0
BRDA:68,9,1,0
BRDA:79,10,0,0
BRDA:79,10,1,0
BRDA:89,11,0,1
BRDA:89,11,1,2
BRDA:89,12,0,3
BRDA:89,12,1,2
BRDA:93,13,0,1
BRDA:93,13,1,1
BRDA:93,14,0,2
BRDA:93,14,1,1
BRDA:99,15,0,1
BRDA:99,15,1,0
BRDA:118,16,0,0
BRDA:118,16,1,0
BRDA:159,17,0,0
BRDA:159,17,1,0
BRDA:163,18,0,0
BRDA:163,18,1,0
BRDA:174,19,0,0
BRDA:174,19,1,0
BRDA:177,20,0,0
BRDA:177,20,1,0
BRDA:181,21,0,0
BRDA:181,21,1,0
BRDA:186,22,0,0
BRDA:186,22,1,0
BRDA:202,23,0,0
BRDA:202,23,1,0
BRDA:220,24,0,1
BRDA:220,24,1,4
BRDA:229,25,0,0
BRDA:229,25,1,0
BRDA:243,26,0,0
BRDA:243,26,1,0
BRDA:244,27,0,0
BRDA:244,27,1,0
BRDA:244,28,0,0
BRDA:244,28,1,0
BRDA:244,28,2,0
BRDA:244,28,3,0
BRDA:255,29,0,0
BRDA:255,29,1,0
BRDA:257,30,0,0
BRDA:257,30,1,0
BRDA:257,31,0,0
BRDA:257,31,1,0
BRDA:257,31,2,0
BRDA:257,31,3,0
BRDA:280,32,0,0
BRDA:280,32,1,0
BRDA:280,32,2,0
BRDA:280,32,3,0
BRDA:318,33,0,0
BRDA:318,33,1,0
BRF:75
BRH:13
end_of_record
